0 info it worked if it ends with ok
1 verbose cli [ 'C:\\nodejs\\\\node.exe',
1 verbose cli   'C:\\nodejs\\node_modules\\npm\\bin\\npm-cli.js',
1 verbose cli   'install',
1 verbose cli   'n',
1 verbose cli   '-g' ]
2 info using npm@2.11.3
3 info using node@v0.12.7
4 verbose install initial load of C:\Program Files\Git\usr\local\package.json
5 verbose readDependencies loading dependencies from C:\Program Files\Git\usr\local\package.json
6 silly cache add args [ 'n', null ]
7 verbose cache add spec n
8 silly cache add parsed spec { raw: 'n',
8 silly cache add   scope: null,
8 silly cache add   name: 'n',
8 silly cache add   rawSpec: '',
8 silly cache add   spec: '*',
8 silly cache add   type: 'range' }
9 silly addNamed n@*
10 verbose addNamed "*" is a valid semver range for n
11 silly addNameRange { name: 'n', range: '*', hasData: false }
12 silly mapToRegistry name n
13 silly mapToRegistry using default registry
14 silly mapToRegistry registry https://registry.npmjs.org/
15 silly mapToRegistry uri https://registry.npmjs.org/n
16 verbose addNameRange registry:https://registry.npmjs.org/n not in flight; fetching
17 verbose request uri https://registry.npmjs.org/n
18 verbose request no auth needed
19 info attempt registry request try #1 at 1:32:06 PM
20 verbose request using bearer token for auth
21 verbose request id 745b767fb022c3a0
22 http request GET https://registry.npmjs.org/n
23 http 200 https://registry.npmjs.org/n
24 silly get cb [ 200,
24 silly get   { server: 'nginx/1.10.1',
24 silly get     'content-type': 'application/json',
24 silly get     'last-modified': 'Mon, 30 Oct 2017 16:43:39 GMT',
24 silly get     etag: 'W/"59f756bb-116d0"',
24 silly get     'content-encoding': 'gzip',
24 silly get     'cache-control': 'max-age=300',
24 silly get     'transfer-encoding': 'chunked',
24 silly get     'accept-ranges': 'bytes',
24 silly get     date: 'Tue, 07 Nov 2017 08:02:08 GMT',
24 silly get     via: '1.1 varnish',
24 silly get     connection: 'keep-alive',
24 silly get     'x-served-by': 'cache-lhr6340-LHR',
24 silly get     'x-cache': 'MISS',
24 silly get     'x-cache-hits': '0',
24 silly get     'x-timer': 'S1510041728.983075,VS0,VE21',
24 silly get     vary: 'Accept-Encoding, Accept' } ]
25 verbose get saving n to C:\Users\20064184\AppData\Roaming\npm-cache\registry.npmjs.org\n\.cache.json
26 silly addNameRange number 2 { name: 'n', range: '*', hasData: true }
27 silly addNameRange versions [ 'n',
27 silly addNameRange   [ '0.0.1',
27 silly addNameRange     '0.0.2',
27 silly addNameRange     '0.0.3',
27 silly addNameRange     '0.0.4',
27 silly addNameRange     '0.1.0',
27 silly addNameRange     '0.1.1',
27 silly addNameRange     '0.1.2',
27 silly addNameRange     '0.2.0',
27 silly addNameRange     '0.2.1',
27 silly addNameRange     '0.2.2',
27 silly addNameRange     '0.3.0',
27 silly addNameRange     '0.4.0',
27 silly addNameRange     '0.4.1',
27 silly addNameRange     '0.4.2',
27 silly addNameRange     '0.5.0',
27 silly addNameRange     '0.5.1',
27 silly addNameRange     '0.5.2',
27 silly addNameRange     '0.5.3',
27 silly addNameRange     '0.5.4',
27 silly addNameRange     '0.6.0',
27 silly addNameRange     '0.6.1',
27 silly addNameRange     '0.7.0',
27 silly addNameRange     '0.7.1',
27 silly addNameRange     '0.7.2',
27 silly addNameRange     '0.7.3',
27 silly addNameRange     '0.8.0',
27 silly addNameRange     '0.8.1',
27 silly addNameRange     '0.8.2',
27 silly addNameRange     '0.9.0',
27 silly addNameRange     '0.9.1',
27 silly addNameRange     '0.9.2',
27 silly addNameRange     '0.9.3',
27 silly addNameRange     '1.0.0',
27 silly addNameRange     '1.1.0',
27 silly addNameRange     '1.2.1',
27 silly addNameRange     '1.2.2',
27 silly addNameRange     '1.2.3',
27 silly addNameRange     '1.2.4',
27 silly addNameRange     '1.2.5',
27 silly addNameRange     '1.2.6',
27 silly addNameRange     '1.2.7',
27 silly addNameRange     '1.2.8',
27 silly addNameRange     '1.2.9',
27 silly addNameRange     '1.2.11',
27 silly addNameRange     '1.2.13',
27 silly addNameRange     '1.2.14',
27 silly addNameRange     '1.3.0',
27 silly addNameRange     '1.4.0',
27 silly addNameRange     '2.0.0',
27 silly addNameRange     '1.4.1',
27 silly addNameRange     '2.0.1',
27 silly addNameRange     '1.4.2',
27 silly addNameRange     '2.0.2',
27 silly addNameRange     '2.1.0',
27 silly addNameRange     '2.1.1',
27 silly addNameRange     '2.1.2',
27 silly addNameRange     '2.1.3',
27 silly addNameRange     '2.1.4',
27 silly addNameRange     '2.1.5',
27 silly addNameRange     '2.1.6',
27 silly addNameRange     '2.1.7',
27 silly addNameRange     '2.1.8' ] ]
28 silly addNamed n@2.1.8
29 verbose addNamed "2.1.8" is a plain semver version for n
30 silly mapToRegistry name n
31 silly mapToRegistry using default registry
32 silly mapToRegistry registry https://registry.npmjs.org/
33 silly mapToRegistry uri https://registry.npmjs.org/n
34 verbose addRemoteTarball https://registry.npmjs.org/n/-/n-2.1.8.tgz not in flight; adding
35 verbose addRemoteTarball [ 'https://registry.npmjs.org/n/-/n-2.1.8.tgz',
35 verbose addRemoteTarball   '9b770f6ae0a93c49c64fb614625a63cc5a22d1fd' ]
36 info retry fetch attempt 1 at 1:32:07 PM
37 info attempt registry request try #1 at 1:32:07 PM
38 http fetch GET https://registry.npmjs.org/n/-/n-2.1.8.tgz
39 verbose request using bearer token for auth
40 http fetch 200 https://registry.npmjs.org/n/-/n-2.1.8.tgz
41 silly fetchAndShaCheck shasum 9b770f6ae0a93c49c64fb614625a63cc5a22d1fd
42 verbose addTmpTarball C:\Users\20064184\AppData\Local\Temp\npm-8320-02df148a\registry.npmjs.org\n\-\n-2.1.8.tgz not in flight; adding
43 verbose addTmpTarball already have metadata; skipping unpack for n@2.1.8
44 silly cache afterAdd n@2.1.8
45 verbose afterAdd C:\Users\20064184\AppData\Roaming\npm-cache\n\2.1.8\package\package.json not in flight; writing
46 verbose afterAdd C:\Users\20064184\AppData\Roaming\npm-cache\n\2.1.8\package\package.json written
47 silly install resolved [ { name: 'n',
47 silly install resolved     description: 'Interactively Manage All Your Node Versions',
47 silly install resolved     version: '2.1.8',
47 silly install resolved     author: { name: 'TJ Holowaychuk', email: 'tj@vision-media.ca' },
47 silly install resolved     homepage: 'https://github.com/tj/n',
47 silly install resolved     bugs: { url: 'https://github.com/tj/n/issues' },
47 silly install resolved     contributors: [ [Object], [Object], [Object] ],
47 silly install resolved     keywords:
47 silly install resolved      [ 'nvm',
47 silly install resolved        'node',
47 silly install resolved        'version',
47 silly install resolved        'manager',
47 silly install resolved        'switcher',
47 silly install resolved        'node',
47 silly install resolved        'binary',
47 silly install resolved        'env' ],
47 silly install resolved     bin: { n: './bin/n' },
47 silly install resolved     repository: { type: 'git', url: 'git://github.com/tj/n.git' },
47 silly install resolved     preferGlobal: true,
47 silly install resolved     os: [ '!win32' ],
47 silly install resolved     engines: { node: '*' },
47 silly install resolved     license: 'MIT',
47 silly install resolved     gitHead: '14ab6ff01f3b673e2e29f465a00e0b29643bb8d9',
47 silly install resolved     _id: 'n@2.1.8',
47 silly install resolved     _npmVersion: '5.0.3',
47 silly install resolved     _nodeVersion: '8.1.2',
47 silly install resolved     _npmUser: { name: 'troy0820', email: 'troy0820@gmail.com' },
47 silly install resolved     dist:
47 silly install resolved      { integrity: 'sha512-VN3To6jBHSdTHmv+fT00V1nBdj3MWdcOlEKBEaUtXKRqQhuN289B9Jym9P/L3rXfafAsapmh4Fcr/DUR8DGJVg==',
47 silly install resolved        shasum: '9b770f6ae0a93c49c64fb614625a63cc5a22d1fd',
47 silly install resolved        tarball: 'https://registry.npmjs.org/n/-/n-2.1.8.tgz' },
47 silly install resolved     maintainers: [ [Object], [Object], [Object], [Object], [Object], [Object] ],
47 silly install resolved     _npmOperationalInternal:
47 silly install resolved      { host: 's3://npm-registry-packages',
47 silly install resolved        tmp: 'tmp/n-2.1.8.tgz_1498880450388_0.9696143395267427' },
47 silly install resolved     directories: {},
47 silly install resolved     _shasum: '9b770f6ae0a93c49c64fb614625a63cc5a22d1fd',
47 silly install resolved     _resolved: 'https://registry.npmjs.org/n/-/n-2.1.8.tgz',
47 silly install resolved     _from: 'n@*' } ]
48 info install n@2.1.8 into C:\Program Files\Git\usr\local
49 info installOne n@2.1.8
50 verbose installOne of n to C:\Program Files\Git\usr\local not in flight; installing
51 verbose lock using C:\Users\20064184\AppData\Roaming\npm-cache\_locks\n-4381e08475b4025e.lock for C:\Program Files\Git\usr\local\node_modules\n
52 verbose unlock done using C:\Users\20064184\AppData\Roaming\npm-cache\_locks\n-4381e08475b4025e.lock for C:\Program Files\Git\usr\local\node_modules\n
53 verbose stack Error: Unsupported
53 verbose stack     at checkPlatform (C:\nodejs\node_modules\npm\node_modules\npm-install-checks\index.js:47:14)
53 verbose stack     at Array.<anonymous> (C:\nodejs\node_modules\npm\node_modules\slide\lib\bind-actor.js:15:8)
53 verbose stack     at LOOP (C:\nodejs\node_modules\npm\node_modules\slide\lib\chain.js:15:14)
53 verbose stack     at C:\nodejs\node_modules\npm\node_modules\slide\lib\chain.js:18:7
53 verbose stack     at checkEngine (C:\nodejs\node_modules\npm\node_modules\npm-install-checks\index.js:26:10)
53 verbose stack     at Array.<anonymous> (C:\nodejs\node_modules\npm\node_modules\slide\lib\bind-actor.js:15:8)
53 verbose stack     at LOOP (C:\nodejs\node_modules\npm\node_modules\slide\lib\chain.js:15:14)
53 verbose stack     at chain (C:\nodejs\node_modules\npm\node_modules\slide\lib\chain.js:20:5)
53 verbose stack     at C:\nodejs\node_modules\npm\lib\install.js:1037:5
53 verbose stack     at C:\nodejs\node_modules\npm\lib\utils\locker.js:40:9
54 verbose pkgid n@2.1.8
55 verbose cwd E:\Thor\thor
56 error Windows_NT 6.1.7601
57 error argv "C:\\nodejs\\\\node.exe" "C:\\nodejs\\node_modules\\npm\\bin\\npm-cli.js" "install" "n" "-g"
58 error node v0.12.7
59 error npm  v2.11.3
60 error code EBADPLATFORM
61 error notsup Unsupported
61 error notsup Not compatible with your operating system or architecture: n@2.1.8
61 error notsup Valid OS:    !win32
61 error notsup Valid Arch:  any
61 error notsup Actual OS:   win32
61 error notsup Actual Arch: ia32
62 verbose exit [ 1, true ]
